<?xml version="1.0" encoding="UTF-8"?>
<!-- Generated by org.testng.reporters.JUnitXMLReporter -->
<testsuite ignored="0" hostname="192.168.1.11" failures="0" tests="2" name="Test" time="33.655" errors="0" timestamp="2022-02-18T12:52:06 IST">
  <testcase classname="scripts.BaseTest" name="@AfterTest closeApp" time="-1.645168926405E9">
    <failure type="org.testng.TestNGException" message="
Can inject only one of &amp;lt;ITestContext, XmlTest&amp;gt; into a @AfterTest annotated closeApp.
For more information on native dependency injection please refer to https://testng.org/doc/documentation-main.html#native-dependency-injection">
      <![CDATA[org.testng.TestNGException: 
Can inject only one of <ITestContext, XmlTest> into a @AfterTest annotated closeApp.
For more information on native dependency injection please refer to https://testng.org/doc/documentation-main.html#native-dependency-injection
... Removed 21 stack frames]]>
    </failure>
  </testcase> <!-- @AfterTest closeApp -->
  <testcase classname="scripts.SigninTest" name="tc0" time="2.977"/>
  <testcase classname="scripts.SigninTest" name="tc1" time="9.311"/>
</testsuite> <!-- Test -->
